c:\users\alexander\documents\c++\nativelibrary\exposenativetomanaged\nativedll\debug\nativedll.pch
c:\users\alexander\documents\c++\nativelibrary\exposenativetomanaged\nativedll\debug\vc120.pdb
c:\users\alexander\documents\c++\nativelibrary\exposenativetomanaged\nativedll\debug\vc120.idb
c:\users\alexander\documents\c++\nativelibrary\exposenativetomanaged\nativedll\debug\stdafx.obj
c:\users\alexander\documents\c++\nativelibrary\exposenativetomanaged\nativedll\debug\dllmain.obj
c:\users\alexander\documents\c++\nativelibrary\exposenativetomanaged\nativedll\debug\nativedll.obj
c:\users\alexander\documents\c++\nativelibrary\exposenativetomanaged\debug\nativedll.ilk
c:\users\alexander\documents\c++\nativelibrary\exposenativetomanaged\debug\nativedll.dll
c:\users\alexander\documents\c++\nativelibrary\exposenativetomanaged\debug\nativedll.pdb
c:\users\alexander\documents\c++\nativelibrary\exposenativetomanaged\debug\nativedll.lib
c:\users\alexander\documents\c++\nativelibrary\exposenativetomanaged\debug\nativedll.exp
c:\users\alexander\documents\github\oom\exposenativetomanaged\nativedll\debug\dllmain.obj
c:\users\alexander\documents\github\oom\exposenativetomanaged\nativedll\debug\nativedll.obj
c:\users\alexander\documents\github\oom\exposenativetomanaged\nativedll\debug\stdafx.obj
c:\users\alexander\documents\github\oom\exposenativetomanaged\nativedll\debug\nativedll.pch
c:\users\alexander\documents\github\oom\exposenativetomanaged\nativedll\debug\vc120.idb
c:\users\alexander\documents\github\oom\exposenativetomanaged\nativedll\debug\vc120.pdb
c:\users\alexander\documents\github\oom\exposenativetomanaged\debug\nativedll.pdb
c:\users\alexander\documents\github\oom\exposenativetomanaged\debug\nativedll.dll
c:\users\alexander\documents\github\oom\exposenativetomanaged\debug\nativedll.ilk
c:\users\alexander\documents\github\oom\exposenativetomanaged\nativedll\debug\nativedll.tlog\cl.command.1.tlog
c:\users\alexander\documents\github\oom\exposenativetomanaged\nativedll\debug\nativedll.tlog\cl.read.1.tlog
c:\users\alexander\documents\github\oom\exposenativetomanaged\nativedll\debug\nativedll.tlog\cl.write.1.tlog
c:\users\alexander\documents\github\oom\exposenativetomanaged\nativedll\debug\nativedll.tlog\link.command.1.tlog
c:\users\alexander\documents\github\oom\exposenativetomanaged\nativedll\debug\nativedll.tlog\link.read.1.tlog
c:\users\alexander\documents\github\oom\exposenativetomanaged\nativedll\debug\nativedll.tlog\link.write.1.tlog
c:\users\alexander\documents\github\oom\exposenativetomanaged\nativedll\debug\nativedll.tlog\nativedll.write.1u.tlog
